lut 26, 2018 9:49:34 AM pl.edu.wat.kulki.pz.utils.GameLogger$1 call
INFO: Gra Kulki - Rozpoczecie pracy
Feb 26, 2018 9:49:41 AM pl.edu.wat.kulki.pz.utils.GameLogger$1 call
INFO: Koniec dzialania programu
lut 26, 2018 11:40:00 AM pl.edu.wat.kulki.pz.utils.GameLogger$1 call
INFO: Gra Kulki - Rozpoczecie pracy
Feb 26, 2018 11:40:06 AM pl.edu.wat.kulki.pz.utils.GameLogger$1 call
INFO: Nowa Gra Się Rozpoczyna.
Feb 26, 2018 11:40:19 AM pl.edu.wat.kulki.pz.utils.GameLogger$1 call
INFO: Koniec dzialania programu
lut 26, 2018 11:44:10 AM pl.edu.wat.kulki.pz.utils.GameLogger$1 call
INFO: Gra Kulki - Rozpoczecie pracy
lut 26, 2018 11:52:39 AM pl.edu.wat.kulki.pz.utils.GameLogger$1 call
INFO: Nowa Gra Się Rozpoczyna.
lut 26, 2018 12:03:52 PM pl.edu.wat.kulki.pz.utils.GameLogger$1 call
INFO: Gracz Wykonał Ruch
lut 26, 2018 12:03:52 PM pl.edu.wat.kulki.pz.utils.GameLogger$1 call
INFO: Sprawdzam czy jest utworzona lina jednego koloru.
lut 26, 2018 12:03:52 PM pl.edu.wat.kulki.pz.utils.GameLogger$1 call
INFO: Rozpoczynam nową turę.
lut 26, 2018 12:03:53 PM pl.edu.wat.kulki.pz.utils.GameLogger$1 call
INFO: Gracz Wykonał Ruch
lut 26, 2018 12:03:53 PM pl.edu.wat.kulki.pz.utils.GameLogger$1 call
INFO: Sprawdzam czy jest utworzona lina jednego koloru.
lut 26, 2018 12:03:53 PM pl.edu.wat.kulki.pz.utils.GameLogger$1 call
INFO: Rozpoczynam nową turę.
lut 26, 2018 12:03:54 PM pl.edu.wat.kulki.pz.utils.GameLogger$1 call
INFO: Gracz Wykonał Ruch
lut 26, 2018 12:03:54 PM pl.edu.wat.kulki.pz.utils.GameLogger$1 call
INFO: Rozpoczynam nową turę.
lut 26, 2018 12:03:54 PM pl.edu.wat.kulki.pz.utils.GameLogger$1 call
INFO: Sprawdzam czy jest utworzona lina jednego koloru.
lut 26, 2018 12:03:56 PM pl.edu.wat.kulki.pz.utils.GameLogger$1 call
INFO: Gracz Wykonał Ruch
lut 26, 2018 12:03:56 PM pl.edu.wat.kulki.pz.utils.GameLogger$1 call
INFO: Sprawdzam czy jest utworzona lina jednego koloru.
lut 26, 2018 12:03:56 PM pl.edu.wat.kulki.pz.utils.GameLogger$1 call
INFO: Rozpoczynam nową turę.
lut 26, 2018 12:03:57 PM pl.edu.wat.kulki.pz.utils.GameLogger$1 call
INFO: Gracz Wykonał Ruch
lut 26, 2018 12:03:57 PM pl.edu.wat.kulki.pz.utils.GameLogger$1 call
INFO: Znaleziono linie jednego koloru. Przyznaje graczowi za to 25 punktow.
lut 26, 2018 12:03:57 PM pl.edu.wat.kulki.pz.utils.GameLogger$1 call
INFO: Sprawdzam czy jest utworzona lina jednego koloru.
lut 26, 2018 12:04:02 PM pl.edu.wat.kulki.pz.utils.GameLogger$1 call
INFO: Gracz Wykonał Ruch
lut 26, 2018 12:04:02 PM pl.edu.wat.kulki.pz.utils.GameLogger$1 call
INFO: Sprawdzam czy jest utworzona lina jednego koloru.
lut 26, 2018 12:04:02 PM pl.edu.wat.kulki.pz.utils.GameLogger$1 call
INFO: Rozpoczynam nową turę.
lut 26, 2018 12:04:05 PM pl.edu.wat.kulki.pz.utils.GameLogger$1 call
INFO: Gracz Wykonał Ruch
lut 26, 2018 12:04:05 PM pl.edu.wat.kulki.pz.utils.GameLogger$1 call
INFO: Sprawdzam czy jest utworzona lina jednego koloru.
lut 26, 2018 12:04:05 PM pl.edu.wat.kulki.pz.utils.GameLogger$1 call
INFO: Rozpoczynam nową turę.
lut 26, 2018 12:04:06 PM pl.edu.wat.kulki.pz.utils.GameLogger$1 call
INFO: Gracz Wykonał Ruch
lut 26, 2018 12:04:06 PM pl.edu.wat.kulki.pz.utils.GameLogger$1 call
INFO: Sprawdzam czy jest utworzona lina jednego koloru.
lut 26, 2018 12:04:06 PM pl.edu.wat.kulki.pz.utils.GameLogger$1 call
INFO: Rozpoczynam nową turę.
lut 26, 2018 12:04:11 PM pl.edu.wat.kulki.pz.utils.GameLogger$1 call
INFO: Gracz Wykonał Ruch
lut 26, 2018 12:04:11 PM pl.edu.wat.kulki.pz.utils.GameLogger$1 call
INFO: Sprawdzam czy jest utworzona lina jednego koloru.
lut 26, 2018 12:04:11 PM pl.edu.wat.kulki.pz.utils.GameLogger$1 call
INFO: Rozpoczynam nową turę.
lut 26, 2018 12:17:30 PM pl.edu.wat.kulki.pz.utils.GameLogger$1 call
INFO: Koniec Gry.
 Uzyskany wynik :25
lut 26, 2018 12:33:12 PM pl.edu.wat.kulki.pz.utils.GameLogger$1 call
INFO: Koniec dzialania programu
lut 26, 2018 12:33:44 PM pl.edu.wat.kulki.pz.utils.GameLogger$1 call
INFO: Gra Kulki - Rozpoczecie pracy
lut 26, 2018 12:33:46 PM pl.edu.wat.kulki.pz.utils.GameLogger$1 call
INFO: Nowa Gra Się Rozpoczyna.
lut 26, 2018 12:33:47 PM pl.edu.wat.kulki.pz.utils.GameLogger$1 call
INFO: Koniec dzialania programu
lut 26, 2018 12:35:29 PM pl.edu.wat.kulki.pz.utils.GameLogger$1 call
INFO: Gra Kulki - Rozpoczecie pracy
lut 26, 2018 12:35:33 PM pl.edu.wat.kulki.pz.utils.GameLogger$1 call
INFO: Koniec dzialania programu
lut 26, 2018 12:37:40 PM pl.edu.wat.kulki.pz.utils.GameLogger$1 call
INFO: Gra Kulki - Rozpoczecie pracy
lut 26, 2018 12:37:42 PM pl.edu.wat.kulki.pz.utils.GameLogger$1 call
INFO: Nowa Gra Się Rozpoczyna.
lut 26, 2018 12:37:44 PM pl.edu.wat.kulki.pz.utils.GameLogger$1 call
INFO: Koniec Gry.
 Uzyskany wynik :0
lut 26, 2018 12:37:49 PM pl.edu.wat.kulki.pz.utils.GameLogger$1 call
INFO: Koniec dziania programu
lut 26, 2018 1:10:51 PM pl.edu.wat.kulki.pz.utils.GameLogger$1 call
INFO: Gra Kulki - Rozpoczecie pracy
lut 26, 2018 1:10:59 PM pl.edu.wat.kulki.pz.utils.GameLogger$1 call
INFO: Koniec dzialania programu
lut 26, 2018 2:14:37 PM pl.edu.wat.kulki.pz.utils.GameLogger$1 call
INFO: Gra Kulki - Rozpoczecie pracy
lut 26, 2018 2:14:39 PM pl.edu.wat.kulki.pz.utils.GameLogger$1 call
INFO: Nowa Gra Się Rozpoczyna.
lut 26, 2018 2:14:40 PM pl.edu.wat.kulki.pz.utils.GameLogger$1 call
INFO: Koniec Gry.
 Uzyskany wynik :0
lut 26, 2018 2:14:44 PM pl.edu.wat.kulki.pz.utils.GameLogger$1 call
INFO: Koniec dzialania programu
lut 26, 2018 2:39:26 PM pl.edu.wat.kulki.pz.utils.GameLogger$1 call
INFO: Gra Kulki - Rozpoczecie pracy
lut 26, 2018 2:39:30 PM pl.edu.wat.kulki.pz.utils.GameLogger$1 call
INFO: Nowa Gra Się Rozpoczyna.
lut 26, 2018 2:39:35 PM pl.edu.wat.kulki.pz.utils.GameLogger$1 call
INFO: Koniec Gry.
 Uzyskany wynik :0
lut 26, 2018 2:39:49 PM pl.edu.wat.kulki.pz.utils.GameLogger$1 call
INFO: Koniec dzialania programu
